<?xml version="1.0" encoding="UTF-8"?>
<!-- Generated by org.testng.reporters.JUnitReportReporter -->
<testsuite hostname="Dhraksha" failures="0" tests="7" name="com.organization.Testcases.demo" time="0.018" errors="0" timestamp="2024-01-20T20:05:51 IST" skipped="0">
  <testcase classname="com.organization.Testcases.demo" name="runCase" time="0.002"/>
  <testcase classname="com.organization.Testcases.demo" name="runCase" time="0.002"/>
  <testcase classname="com.organization.Testcases.demo" name="runCase" time="0.001"/>
  <testcase classname="com.organization.Testcases.demo" name="runCase" time="0.002"/>
  <testcase classname="com.organization.Testcases.demo" name="runCase" time="0.001"/>
  <testcase classname="com.organization.Testcases.demo" name="runCase" time="0.008"/>
  <testcase classname="com.organization.Testcases.demo" name="runCase" time="0.002"/>
</testsuite> <!-- com.organization.Testcases.demo -->
