<?xml version="1.0" encoding="UTF-8"?>
<!-- Generated by org.testng.reporters.JUnitReportReporter -->
<testsuite hostname="Dhraksha" failures="0" tests="7" name="com.organization.Testcases.TC_02_BankLoginTestCase" time="145.092" errors="0" timestamp="2024-01-20T20:11:59 IST" skipped="0">
  <testcase classname="com.organization.Testcases.TC_02_BankLoginTestCase" name="loginTestTDD" time="10.091"/>
  <testcase classname="com.organization.Testcases.TC_02_BankLoginTestCase" name="loginTestTDD" time="13.072"/>
  <testcase classname="com.organization.Testcases.TC_02_BankLoginTestCase" name="loginTestTDD" time="66.431"/>
  <testcase classname="com.organization.Testcases.TC_02_BankLoginTestCase" name="loginTestTDD" time="6.339"/>
  <testcase classname="com.organization.Testcases.TC_02_BankLoginTestCase" name="loginTestTDD" time="13.764"/>
  <testcase classname="com.organization.Testcases.TC_02_BankLoginTestCase" name="loginTestTDD" time="12.726"/>
  <testcase classname="com.organization.Testcases.TC_02_BankLoginTestCase" name="loginTestTDD" time="22.669"/>
</testsuite> <!-- com.organization.Testcases.TC_02_BankLoginTestCase -->
