<?xml version="1.0" encoding="UTF-8"?>
<!-- Generated by org.testng.reporters.JUnitReportReporter -->
<testsuite hostname="Dhraksha" failures="0" tests="1" name="com.organization.Testcases.TC_01_BankLoginTestCase" time="22.055" errors="0" timestamp="2024-01-20T20:11:59 IST" skipped="0">
  <testcase classname="com.organization.Testcases.TC_01_BankLoginTestCase" name="loginTest" time="22.055"/>
</testsuite> <!-- com.organization.Testcases.TC_01_BankLoginTestCase -->
